----------------------------------------------------------------
Tue May 10 17:32:21 CEST 2016:
Booting Derby version The Apache Software Foundation - Apache Derby - 10.12.1.1 - (1704137): instance a816c00e-0154-9b4c-2da9-00000e391ca0 
on database directory memory:C:\Users\vojta\Downloads\ep-final\evidencePlateb\entitymgr-test with class loader sun.misc.Launcher$AppClassLoader@6bc7c054 
Loaded from file:/C:/Users/vojta/.m2/repository/org/apache/derby/derby/10.12.1.1/derby-10.12.1.1.jar
java.vendor=Oracle Corporation
java.runtime.version=1.8.0_74-b02
user.dir=C:\Users\vojta\Downloads\ep-final\evidencePlateb
os.name=Windows 10
os.arch=amd64
os.version=10.0
derby.system.home=null
Database Class Loader started - derby.database.classpath=''
----------------------------------------------------------------
Tue May 10 17:32:23 CEST 2016:
Booting Derby version The Apache Software Foundation - Apache Derby - 10.12.1.1 - (1704137): instance 780a81bc-0154-9b4c-2da9-00000e391ca0 
on database directory memory:C:\Users\vojta\Downloads\ep-final\evidencePlateb\paymentmgr-test with class loader sun.misc.Launcher$AppClassLoader@6bc7c054 
Loaded from file:/C:/Users/vojta/.m2/repository/org/apache/derby/derby/10.12.1.1/derby-10.12.1.1.jar
java.vendor=Oracle Corporation
java.runtime.version=1.8.0_74-b02
user.dir=C:\Users\vojta\Downloads\ep-final\evidencePlateb
os.name=Windows 10
os.arch=amd64
os.version=10.0
derby.system.home=null
Database Class Loader started - derby.database.classpath=''
